{
  "RSpec": {
    "coverage": {
      "/home/shadman/Projects/jruby/freeletics/bowling_api/spec/models/frame_spec.rb": [
        1,
        null,
        1,
        null,
        16,
        null,
        null,
        2,
        null,
        null,
        null,
        2,
        2,
        null,
        null,
        null,
        2,
        2,
        2,
        2,
        2,
        2,
        2,
        2,
        2,
        2,
        2,
        2,
        null,
        null,
        null,
        1,
        2,
        2,
        null,
        1,
        1,
        1,
        null,
        null,
        1,
        2,
        null,
        1,
        1,
        1,
        null,
        null,
        null,
        null,
        null,
        1,
        2,
        2,
        null,
        1,
        1,
        1,
        null,
        null,
        1,
        2,
        null,
        1,
        1,
        1,
        null,
        null,
        null,
        null,
        1,
        2,
        2,
        null,
        1,
        1,
        1,
        null,
        null,
        1,
        2,
        null,
        1,
        1,
        1,
        1,
        null,
        null,
        null,
        1,
        2,
        null,
        1,
        1,
        1,
        1,
        null,
        null,
        null,
        null,
        null,
        null,
        1,
        2,
        2,
        2,
        null,
        1,
        1,
        null,
        null,
        null,
        null,
        null,
        1,
        2,
        null,
        1,
        1,
        null,
        null,
        1,
        2,
        null,
        1,
        1,
        null,
        null,
        null,
        null,
        null,
        1,
        2,
        null,
        1,
        1,
        null,
        null,
        1,
        2,
        null,
        1,
        1,
        null,
        null,
        null,
        null,
        null,
        1,
        2,
        null,
        1,
        1,
        null,
        null,
        1,
        2,
        null,
        1,
        1,
        null,
        null,
        null,
        null,
        null,
        1,
        2,
        2,
        null,
        1,
        1,
        null,
        null,
        null,
        null
      ],
      "/home/shadman/Projects/jruby/freeletics/bowling_api/spec/rails_helper.rb": [
        1,
        null,
        1,
        null,
        1,
        null,
        1,
        1,
        null,
        3,
        null,
        1,
        null,
        1,
        null,
        1,
        1,
        1,
        null,
        null,
        null,
        null,
        1,
        null,
        1,
        null,
        1,
        null,
        1,
        null,
        1,
        null,
        1,
        null,
        1,
        null,
        1,
        1,
        1,
        null,
        null,
        1,
        83,
        83,
        null,
        null,
        null,
        null
      ],
      "/home/shadman/Projects/jruby/freeletics/bowling_api/config/environment.rb": [
        null,
        1,
        null,
        null,
        1
      ],
      "/home/shadman/Projects/jruby/freeletics/bowling_api/config/application.rb": [
        1,
        null,
        1,
        null,
        1,
        1,
        1,
        1,
        1,
        1,
        1,
        null,
        null,
        null,
        null,
        null,
        1,
        null,
        1,
        1,
        null,
        1,
        null,
        null,
        null,
        null,
        null,
        null,
        null,
        null,
        1,
        null,
        null
      ],
      "/home/shadman/Projects/jruby/freeletics/bowling_api/config/boot.rb": [
        1,
        null,
        1
      ],
      "/home/shadman/Projects/jruby/freeletics/bowling_api/config/environments/test.rb": [
        1,
        null,
        null,
        null,
        null,
        null,
        null,
        1,
        null,
        null,
        null,
        null,
        1,
        null,
        null,
        1,
        1,
        null,
        null,
        null,
        null,
        1,
        1,
        null,
        null,
        1,
        null,
        null,
        1,
        1,
        null,
        null,
        null,
        null,
        1,
        null,
        null,
        1,
        null,
        null,
        null,
        null
      ],
      "/home/shadman/Projects/jruby/freeletics/bowling_api/config/initializers/application_controller_renderer.rb": [
        null,
        null,
        null,
        null,
        null,
        null
      ],
      "/home/shadman/Projects/jruby/freeletics/bowling_api/config/initializers/backtrace_silencers.rb": [
        null,
        null,
        null,
        null,
        null,
        null,
        null
      ],
      "/home/shadman/Projects/jruby/freeletics/bowling_api/config/initializers/cors.rb": [
        null,
        null,
        null,
        null,
        null,
        null,
        null,
        null,
        null,
        null,
        null,
        null,
        null,
        null,
        null,
        null
      ],
      "/home/shadman/Projects/jruby/freeletics/bowling_api/config/initializers/filter_parameter_logging.rb": [
        null,
        null,
        null,
        1
      ],
      "/home/shadman/Projects/jruby/freeletics/bowling_api/config/initializers/inflections.rb": [
        1,
        1,
        null
      ],
      "/home/shadman/Projects/jruby/freeletics/bowling_api/config/initializers/mime_types.rb": [
        null,
        null,
        null,
        null
      ],
      "/home/shadman/Projects/jruby/freeletics/bowling_api/config/initializers/wrap_parameters.rb": [
        null,
        null,
        null,
        null,
        null,
        null,
        1,
        2,
        null,
        null,
        null,
        null,
        null,
        null
      ],
      "/home/shadman/Projects/jruby/freeletics/bowling_api/spec/factories/frames.rb": [
        1,
        1,
        5,
        0,
        null,
        5,
        null,
        null,
        null,
        1,
        6,
        9,
        1,
        null,
        1,
        1,
        null,
        null,
        1,
        1,
        1,
        null,
        null,
        1,
        5,
        5,
        1,
        null,
        null,
        1,
        1,
        null,
        null,
        1,
        1,
        1,
        1,
        1,
        null,
        null,
        1,
        1,
        1,
        1,
        1,
        null,
        null,
        1,
        1,
        null,
        null,
        1,
        1,
        null,
        null,
        1,
        1,
        1,
        null,
        null,
        1,
        1,
        1,
        1,
        1,
        null,
        null,
        null
      ],
      "/home/shadman/Projects/jruby/freeletics/bowling_api/spec/factories/games.rb": [
        1,
        null,
        1,
        160,
        null,
        null,
        null
      ],
      "/home/shadman/Projects/jruby/freeletics/bowling_api/spec/factories/players.rb": [
        1,
        null,
        1,
        1,
        184,
        null,
        null,
        null
      ],
      "/home/shadman/Projects/jruby/freeletics/bowling_api/config/routes.rb": [
        1,
        1,
        1,
        1,
        1,
        1,
        null,
        null,
        null,
        null,
        null
      ],
      "/home/shadman/Projects/jruby/freeletics/bowling_api/spec/support/request_spec_helper.rb": [
        1,
        null,
        1,
        8,
        8,
        null,
        null
      ],
      "/home/shadman/Projects/jruby/freeletics/bowling_api/spec/support/factory_girl_helper.rb": [
        1,
        1,
        2,
        2,
        2,
        2,
        null,
        null
      ],
      "/home/shadman/Projects/jruby/freeletics/bowling_api/app/models/frame.rb": [
        1,
        1,
        null,
        1,
        null,
        1,
        null,
        1,
        null,
        1,
        1,
        null,
        null,
        null,
        1,
        null,
        156,
        null,
        1,
        51,
        null,
        null,
        1,
        25,
        null,
        null,
        1,
        4,
        null,
        null,
        1,
        117,
        null,
        null,
        1,
        null,
        1,
        23,
        null,
        null,
        1,
        28,
        null,
        null,
        1,
        70,
        null,
        null,
        1,
        70,
        null,
        null,
        1,
        70,
        null,
        null
      ],
      "/home/shadman/Projects/jruby/freeletics/bowling_api/app/models/application_record.rb": [
        1,
        1,
        null,
        null
      ],
      "/home/shadman/Projects/jruby/freeletics/bowling_api/spec/models/game_spec.rb": [
        1,
        null,
        1,
        null,
        null,
        2,
        2,
        null,
        null,
        null,
        2,
        2,
        null,
        null
      ],
      "/home/shadman/Projects/jruby/freeletics/bowling_api/app/models/game.rb": [
        1,
        1,
        1,
        null,
        1,
        1,
        null
      ],
      "/home/shadman/Projects/jruby/freeletics/bowling_api/spec/models/player_spec.rb": [
        1,
        null,
        1,
        null,
        null,
        2,
        2,
        null,
        null,
        null,
        2,
        2,
        null,
        null
      ],
      "/home/shadman/Projects/jruby/freeletics/bowling_api/app/models/player.rb": [
        1,
        1,
        1,
        null,
        1,
        1,
        null
      ],
      "/home/shadman/Projects/jruby/freeletics/bowling_api/spec/requests/frames_spec.rb": [
        1,
        null,
        1,
        null,
        7,
        3,
        7,
        3,
        1,
        1,
        null,
        null,
        1,
        1,
        null,
        null,
        null,
        null,
        2,
        null,
        null,
        1,
        3,
        null,
        1,
        1,
        null,
        null,
        1,
        1,
        null,
        null,
        null,
        1,
        null,
        null,
        null,
        null,
        null,
        null,
        1,
        5,
        3,
        null,
        1,
        4,
        null,
        null,
        1,
        1,
        1,
        1,
        null,
        null,
        1,
        4,
        null,
        null,
        null,
        1,
        1,
        1,
        1,
        null,
        null,
        1,
        1,
        1,
        null,
        null,
        null,
        null,
        null
      ],
      "/home/shadman/Projects/jruby/freeletics/bowling_api/spec/requests/games_spec.rb": [
        1,
        null,
        1,
        14,
        6,
        null,
        null,
        null,
        1,
        3,
        null,
        1,
        1,
        1,
        null,
        null,
        1,
        1,
        null,
        null,
        null,
        null,
        null,
        1,
        3,
        null,
        1,
        3,
        null,
        1,
        1,
        null,
        null,
        1,
        1,
        null,
        null,
        null,
        1,
        3,
        null,
        1,
        1,
        null,
        null,
        1,
        1,
        null,
        null,
        null,
        null,
        null,
        null,
        null,
        1,
        5,
        null,
        1,
        1,
        1,
        1,
        null,
        null,
        1,
        1,
        null,
        null,
        null,
        1,
        3,
        null,
        1,
        1,
        null,
        null,
        1,
        1,
        null,
        null,
        null,
        null,
        null,
        null,
        1,
        3,
        null,
        1,
        3,
        null,
        1,
        1,
        null,
        null,
        1,
        1,
        null,
        null,
        null,
        null,
        null,
        null,
        1,
        2,
        null,
        1,
        1,
        null,
        null,
        null,
        null
      ],
      "/home/shadman/Projects/jruby/freeletics/bowling_api/spec/requests/players_spec.rb": [
        1,
        null,
        1,
        17,
        17,
        15,
        6,
        null,
        null,
        null,
        1,
        5,
        null,
        1,
        1,
        1,
        null,
        null,
        1,
        1,
        null,
        null,
        null,
        1,
        3,
        null,
        1,
        1,
        null,
        null,
        1,
        1,
        null,
        null,
        null,
        null,
        null,
        null,
        1,
        2,
        null,
        1,
        2,
        null,
        1,
        1,
        null,
        null,
        null,
        1,
        3,
        null,
        1,
        1,
        null,
        null,
        1,
        1,
        null,
        null,
        null,
        null,
        null,
        1,
        5,
        null,
        1,
        1,
        1,
        null,
        null,
        1,
        1,
        null,
        null,
        null,
        1,
        3,
        null,
        1,
        1,
        null,
        null,
        1,
        1,
        null,
        null,
        null,
        null,
        null,
        null,
        1,
        5,
        null,
        5,
        null,
        1,
        1,
        1,
        null,
        null,
        1,
        1,
        1,
        null,
        null,
        null,
        1,
        3,
        null,
        1,
        1,
        null,
        null,
        1,
        1,
        null,
        null,
        null,
        null,
        null,
        null,
        1,
        2,
        null,
        1,
        1,
        null,
        null,
        null,
        null
      ],
      "/home/shadman/Projects/jruby/freeletics/bowling_api/spec/services/score_calculator_spec.rb": [
        1,
        null,
        1,
        null,
        1,
        null,
        2,
        null,
        2,
        null,
        1,
        1,
        1,
        null,
        null,
        null,
        1,
        2,
        null,
        2,
        null,
        1,
        1,
        1,
        1,
        1,
        null,
        null,
        null,
        null,
        1,
        2,
        null,
        2,
        null,
        1,
        1,
        1,
        1,
        1,
        null,
        null,
        null,
        null,
        null,
        1,
        6,
        1,
        null,
        1,
        null,
        null,
        null,
        null,
        1,
        1,
        null,
        null,
        1,
        2,
        null,
        1,
        1,
        null,
        null,
        null,
        null,
        1,
        1,
        null,
        1,
        null,
        null,
        null,
        null,
        null,
        1,
        1,
        null,
        null,
        null,
        null,
        1,
        1,
        null,
        1,
        null,
        null,
        null,
        null,
        null,
        1,
        1,
        null,
        null,
        null,
        null,
        1,
        1,
        null,
        1,
        null,
        null,
        null,
        null,
        1,
        1,
        null,
        null,
        null,
        null,
        null,
        1,
        2,
        1,
        null,
        1,
        null,
        null,
        null,
        null,
        1,
        1,
        null,
        null,
        1,
        2,
        2,
        null,
        1,
        1,
        null,
        null,
        null,
        null
      ],
      "/home/shadman/Projects/jruby/freeletics/bowling_api/app/services/score_calculator.rb": [
        1,
        1,
        null,
        1,
        33,
        null,
        null,
        null,
        null,
        1,
        26,
        26,
        26,
        1,
        null,
        3,
        null,
        22,
        null,
        null,
        26,
        null,
        null,
        null,
        null,
        null,
        1,
        5,
        5,
        5,
        null,
        5,
        4,
        3,
        2,
        null,
        null,
        null,
        1,
        4,
        4,
        null,
        4,
        3,
        null,
        null,
        1,
        null,
        null,
        1,
        49,
        16,
        null,
        null
      ],
      "/home/shadman/Projects/jruby/freeletics/bowling_api/app/controllers/api/v1/frames_controller.rb": [
        1,
        null,
        null,
        1,
        2,
        null,
        null,
        null,
        1,
        4,
        2,
        null,
        null,
        1,
        null,
        1,
        6,
        null,
        null,
        1,
        6,
        null,
        null,
        1,
        4,
        null,
        null
      ],
      "/home/shadman/Projects/jruby/freeletics/bowling_api/app/controllers/application_controller.rb": [
        1,
        1,
        1,
        null,
        null
      ],
      "/home/shadman/Projects/jruby/freeletics/bowling_api/app/controllers/concerns/response.rb": [
        1,
        null,
        1,
        29,
        null,
        null,
        null
      ],
      "/home/shadman/Projects/jruby/freeletics/bowling_api/app/controllers/concerns/exception_handler.rb": [
        1,
        1,
        null,
        1,
        1,
        10,
        null,
        null,
        1,
        4,
        null,
        null,
        null,
        null
      ],
      "/home/shadman/Projects/jruby/freeletics/bowling_api/app/controllers/api/v1/games_controller.rb": [
        1,
        null,
        null,
        1,
        2,
        null,
        null,
        null,
        1,
        4,
        null,
        null,
        null,
        1,
        4,
        null,
        null,
        null,
        1,
        2,
        2,
        null,
        null,
        null,
        1,
        1,
        1,
        null,
        null,
        1,
        null,
        1,
        null,
        null,
        null,
        4,
        null,
        null,
        1,
        2,
        0,
        0,
        null,
        null,
        null,
        1,
        6,
        null,
        null,
        1,
        9,
        null,
        null
      ],
      "/home/shadman/Projects/jruby/freeletics/bowling_api/app/controllers/api/v1/players_controller.rb": [
        1,
        null,
        null,
        1,
        4,
        null,
        null,
        null,
        1,
        3,
        null,
        null,
        null,
        1,
        4,
        null,
        null,
        null,
        1,
        4,
        2,
        null,
        null,
        null,
        1,
        1,
        1,
        null,
        null,
        1,
        null,
        1,
        5,
        null,
        null,
        1,
        16,
        null,
        null,
        1,
        13,
        null,
        null
      ]
    },
    "timestamp": 1532984371
  }
}
